2023-03-06 12:00:56,385 INFO com.byteridge.sahayak.SahayakApplication [restartedMain] Starting SahayakApplication using Java 17.0.6 with PID 15772 (C:\sahayak\sahayak\target\classes started by LENOVO in C:\sahayak)
2023-03-06 12:00:56,480 DEBUG com.byteridge.sahayak.SahayakApplication [restartedMain] Running with Spring Boot v3.0.2, Spring v6.0.4
2023-03-06 12:00:56,482 INFO com.byteridge.sahayak.SahayakApplication [restartedMain] No active profile set, falling back to 1 default profile: "default"
2023-03-06 12:01:02,471 INFO org.apache.catalina.core.StandardService [restartedMain] Starting service [Tomcat]
2023-03-06 12:01:02,474 INFO org.apache.catalina.core.StandardEngine [restartedMain] Starting Servlet engine: [Apache Tomcat/10.1.5]
2023-03-06 12:01:02,671 INFO org.apache.catalina.core.ContainerBase.[Tomcat].[localhost].[/] [restartedMain] Initializing Spring embedded WebApplicationContext
2023-03-06 12:01:03,470 INFO org.mongodb.driver.client [restartedMain] MongoClient with metadata {"driver": {"name": "mongo-java-driver|sync|spring-boot", "version": "4.8.2"}, "os": {"type": "Windows", "name": "Windows 11", "architecture": "amd64", "version": "10.0"}, "platform": "Java/Oracle Corporation/17.0.6+9-LTS-190"} created with settings MongoClientSettings{readPreference=primary, writeConcern=WriteConcern{w=null, wTimeout=null ms, journal=null}, retryWrites=true, retryReads=true, readConcern=ReadConcern{level=null}, credential=MongoCredential{mechanism=null, userName='riyachoudhary3105', source='admin', password=<hidden>, mechanismProperties=<hidden>}, streamFactoryFactory=null, commandListeners=[], codecRegistry=ProvidersCodecRegistry{codecProviders=[ValueCodecProvider{}, BsonValueCodecProvider{}, DBRefCodecProvider{}, DBObjectCodecProvider{}, DocumentCodecProvider{}, CollectionCodecProvider{}, IterableCodecProvider{}, MapCodecProvider{}, GeoJsonCodecProvider{}, GridFSFileCodecProvider{}, Jsr310CodecProvider{}, JsonObjectCodecProvider{}, BsonCodecProvider{}, EnumCodecProvider{}, com.mongodb.Jep395RecordCodecProvider@6140b9f3]}, clusterSettings={hosts=[127.0.0.1:27017], srvHost=byteridge.zi4uchm.mongodb.net, srvServiceName=mongodb, mode=MULTIPLE, requiredClusterType=REPLICA_SET, requiredReplicaSetName='atlas-7ub82e-shard-0', serverSelector='null', clusterListeners='[]', serverSelectionTimeout='30000 ms', localThreshold='30000 ms'}, socketSettings=SocketSettings{connectTimeoutMS=10000, readTimeoutMS=0, receiveBufferSize=0, sendBufferSize=0}, heartbeatSocketSettings=SocketSettings{connectTimeoutMS=10000, readTimeoutMS=10000, receiveBufferSize=0, sendBufferSize=0}, connectionPoolSettings=ConnectionPoolSettings{maxSize=100, minSize=0, maxWaitTimeMS=120000, maxConnectionLifeTimeMS=0, maxConnectionIdleTimeMS=0, maintenanceInitialDelayMS=0, maintenanceFrequencyMS=60000, connectionPoolListeners=[], maxConnecting=2}, serverSettings=ServerSettings{heartbeatFrequencyMS=10000, minHeartbeatFrequencyMS=500, serverListeners='[]', serverMonitorListeners='[]'}, sslSettings=SslSettings{enabled=true, invalidHostNameAllowed=false, context=null}, applicationName='null', compressorList=[], uuidRepresentation=JAVA_LEGACY, serverApi=null, autoEncryptionSettings=null, contextProvider=null}
2023-03-06 12:01:03,536 INFO org.mongodb.driver.cluster [cluster-ClusterId{value='640588a78b3618025158dc84', description='null'}-srv-byteridge.zi4uchm.mongodb.net] Adding discovered server ac-ojaruqu-shard-00-01.zi4uchm.mongodb.net:27017 to client view of cluster
2023-03-06 12:01:03,631 INFO org.mongodb.driver.cluster [cluster-ClusterId{value='640588a78b3618025158dc84', description='null'}-srv-byteridge.zi4uchm.mongodb.net] Adding discovered server ac-ojaruqu-shard-00-02.zi4uchm.mongodb.net:27017 to client view of cluster
2023-03-06 12:01:03,634 INFO org.mongodb.driver.cluster [cluster-ClusterId{value='640588a78b3618025158dc84', description='null'}-srv-byteridge.zi4uchm.mongodb.net] Adding discovered server ac-ojaruqu-shard-00-00.zi4uchm.mongodb.net:27017 to client view of cluster
2023-03-06 12:01:05,831 INFO org.mongodb.driver.cluster [cluster-ClusterId{value='640588a78b3618025158dc84', description='null'}-ac-ojaruqu-shard-00-02.zi4uchm.mongodb.net:27017] Monitor thread successfully connected to server with description ServerDescription{address=ac-ojaruqu-shard-00-02.zi4uchm.mongodb.net:27017, type=REPLICA_SET_SECONDARY, state=CONNECTED, ok=true, minWireVersion=0, maxWireVersion=13, maxDocumentSize=16777216, logicalSessionTimeoutMinutes=30, roundTripTimeNanos=863766100, setName='atlas-7ub82e-shard-0', canonicalAddress=ac-ojaruqu-shard-00-02.zi4uchm.mongodb.net:27017, hosts=[ac-ojaruqu-shard-00-01.zi4uchm.mongodb.net:27017, ac-ojaruqu-shard-00-02.zi4uchm.mongodb.net:27017, ac-ojaruqu-shard-00-00.zi4uchm.mongodb.net:27017], passives=[], arbiters=[], primary='ac-ojaruqu-shard-00-01.zi4uchm.mongodb.net:27017', tagSet=TagSet{[Tag{name='nodeType', value='ELECTABLE'}, Tag{name='provider', value='AWS'}, Tag{name='region', value='AP_SOUTH_1'}, Tag{name='workloadType', value='OPERATIONAL'}]}, electionId=null, setVersion=5, topologyVersion=TopologyVersion{processId=64026299002f0928934e7206, counter=3}, lastWriteDate=Mon Mar 06 12:01:05 IST 2023, lastUpdateTimeNanos=146119645722800}
2023-03-06 12:01:05,831 INFO org.mongodb.driver.cluster [cluster-ClusterId{value='640588a78b3618025158dc84', description='null'}-ac-ojaruqu-shard-00-01.zi4uchm.mongodb.net:27017] Monitor thread successfully connected to server with description ServerDescription{address=ac-ojaruqu-shard-00-01.zi4uchm.mongodb.net:27017, type=REPLICA_SET_PRIMARY, state=CONNECTED, ok=true, minWireVersion=0, maxWireVersion=13, maxDocumentSize=16777216, logicalSessionTimeoutMinutes=30, roundTripTimeNanos=866001700, setName='atlas-7ub82e-shard-0', canonicalAddress=ac-ojaruqu-shard-00-01.zi4uchm.mongodb.net:27017, hosts=[ac-ojaruqu-shard-00-01.zi4uchm.mongodb.net:27017, ac-ojaruqu-shard-00-02.zi4uchm.mongodb.net:27017, ac-ojaruqu-shard-00-00.zi4uchm.mongodb.net:27017], passives=[], arbiters=[], primary='ac-ojaruqu-shard-00-01.zi4uchm.mongodb.net:27017', tagSet=TagSet{[Tag{name='nodeType', value='ELECTABLE'}, Tag{name='provider', value='AWS'}, Tag{name='region', value='AP_SOUTH_1'}, Tag{name='workloadType', value='OPERATIONAL'}]}, electionId=7fffffff00000000000000f3, setVersion=5, topologyVersion=TopologyVersion{processId=64026173c537d338ef1a942d, counter=6}, lastWriteDate=Mon Mar 06 12:01:05 IST 2023, lastUpdateTimeNanos=146119645722800}
2023-03-06 12:01:05,841 INFO org.mongodb.driver.cluster [cluster-ClusterId{value='640588a78b3618025158dc84', description='null'}-ac-ojaruqu-shard-00-01.zi4uchm.mongodb.net:27017] Discovered replica set primary ac-ojaruqu-shard-00-01.zi4uchm.mongodb.net:27017 with max election id 7fffffff00000000000000f3 and max set version 5
2023-03-06 12:01:05,838 INFO org.mongodb.driver.cluster [cluster-ClusterId{value='640588a78b3618025158dc84', description='null'}-ac-ojaruqu-shard-00-00.zi4uchm.mongodb.net:27017] Monitor thread successfully connected to server with description ServerDescription{address=ac-ojaruqu-shard-00-00.zi4uchm.mongodb.net:27017, type=REPLICA_SET_SECONDARY, state=CONNECTED, ok=true, minWireVersion=0, maxWireVersion=13, maxDocumentSize=16777216, logicalSessionTimeoutMinutes=30, roundTripTimeNanos=864656400, setName='atlas-7ub82e-shard-0', canonicalAddress=ac-ojaruqu-shard-00-00.zi4uchm.mongodb.net:27017, hosts=[ac-ojaruqu-shard-00-01.zi4uchm.mongodb.net:27017, ac-ojaruqu-shard-00-02.zi4uchm.mongodb.net:27017, ac-ojaruqu-shard-00-00.zi4uchm.mongodb.net:27017], passives=[], arbiters=[], primary='ac-ojaruqu-shard-00-01.zi4uchm.mongodb.net:27017', tagSet=TagSet{[Tag{name='nodeType', value='ELECTABLE'}, Tag{name='provider', value='AWS'}, Tag{name='region', value='AP_SOUTH_1'}, Tag{name='workloadType', value='OPERATIONAL'}]}, electionId=null, setVersion=5, topologyVersion=TopologyVersion{processId=64026055e214dcd2dcd233d2, counter=4}, lastWriteDate=Mon Mar 06 12:01:05 IST 2023, lastUpdateTimeNanos=146119646556500}
2023-03-06 12:01:08,641 INFO com.byteridge.sahayak.SahayakApplication [restartedMain] Started SahayakApplication in 13.964 seconds (process running for 17.167)
2023-03-06 12:21:42,663 INFO org.apache.catalina.core.ContainerBase.[Tomcat].[localhost].[/] [http-nio-192.168.29.50-8000-exec-1] Initializing Spring DispatcherServlet 'dispatcherServlet'
2023-03-06 12:22:00,635 INFO com.byteridge.sahayak.controller.TimeTableController [http-nio-192.168.29.50-8000-exec-8] Time Table For Doctor 63fafa9601476c08ecdef72c fetched Successfully
2023-03-06 12:22:13,977 INFO com.byteridge.sahayak.controller.TimeTableController [http-nio-192.168.29.50-8000-exec-5] Time Table For Doctor 63fafa9601476c08ecdef72c fetched Successfully
2023-03-06 12:22:16,788 INFO com.byteridge.sahayak.controller.TimeTableController [http-nio-192.168.29.50-8000-exec-10] Time Table For Doctor 63f8b91abf87d35439a86c6d fetched Successfully
2023-03-06 12:22:20,992 INFO com.byteridge.sahayak.controller.TimeTableController [http-nio-192.168.29.50-8000-exec-5] Time Table For Doctor 63f8b91abf87d35439a86c6d fetched Successfully
2023-03-06 12:25:25,377 INFO com.byteridge.sahayak.controller.TimeTableController [http-nio-192.168.29.50-8000-exec-1] Time Table For Doctor 63f8b91abf87d35439a86c6d fetched Successfully
2023-03-06 12:35:03,295 INFO com.byteridge.sahayak.controller.TimeTableController [http-nio-192.168.29.50-8000-exec-5] Time Table For Doctor 63f8b91abf87d35439a86c6d fetched Successfully
2023-03-06 12:58:28,098 INFO com.byteridge.sahayak.controller.TimeTableController [http-nio-192.168.29.50-8000-exec-7] Time Table For Doctor 63f8b91abf87d35439a86c6d fetched Successfully
2023-03-06 12:58:45,035 INFO com.byteridge.sahayak.controller.TimeTableController [http-nio-192.168.29.50-8000-exec-9] Time Table For Doctor 63fafa9601476c08ecdef72c fetched Successfully
2023-03-06 13:00:02,952 INFO com.byteridge.sahayak.controller.AppointmentController [http-nio-192.168.29.50-8000-exec-7] Appointment saved Successfully 
2023-03-06 13:02:02,699 INFO com.byteridge.sahayak.controller.AppointmentController [http-nio-192.168.29.50-8000-exec-2] Appointment 6405967a8b3618025158dc85 Fetched Successfully
2023-03-06 13:02:03,110 INFO com.byteridge.sahayak.controller.AppointmentController [http-nio-192.168.29.50-8000-exec-6] Appointment 6405967a8b3618025158dc85 Fetched Successfully
2023-03-06 13:02:32,561 INFO com.byteridge.sahayak.controller.AppointmentController [http-nio-192.168.29.50-8000-exec-8] Appointment 6405967a8b3618025158dc85 Fetched Successfully
2023-03-06 13:02:32,591 INFO com.byteridge.sahayak.controller.AppointmentController [http-nio-192.168.29.50-8000-exec-5] Appointment 6405967a8b3618025158dc85 Fetched Successfully
2023-03-06 16:30:10,614 INFO org.mongodb.driver.cluster [cluster-ClusterId{value='640588a78b3618025158dc84', description='null'}-ac-ojaruqu-shard-00-00.zi4uchm.mongodb.net:27017] Exception in monitor thread while connecting to server ac-ojaruqu-shard-00-00.zi4uchm.mongodb.net:27017
com.mongodb.MongoSocketReadTimeoutException: Timeout while receiving message
	at com.mongodb.internal.connection.InternalStreamConnection.translateReadException(InternalStreamConnection.java:699)
	at com.mongodb.internal.connection.InternalStreamConnection.receiveMessageWithAdditionalTimeout(InternalStreamConnection.java:577)
	at com.mongodb.internal.connection.InternalStreamConnection.receiveCommandMessageResponse(InternalStreamConnection.java:413)
	at com.mongodb.internal.connection.InternalStreamConnection.receive(InternalStreamConnection.java:372)
	at com.mongodb.internal.connection.DefaultServerMonitor$ServerMonitorRunnable.lookupServerDescription(DefaultServerMonitor.java:226)
	at com.mongodb.internal.connection.DefaultServerMonitor$ServerMonitorRunnable.run(DefaultServerMonitor.java:158)
	at java.base/java.lang.Thread.run(Thread.java:833)
Caused by: java.net.SocketTimeoutException: Read timed out
	at java.base/sun.nio.ch.NioSocketImpl.timedRead(NioSocketImpl.java:283)
	at java.base/sun.nio.ch.NioSocketImpl.implRead(NioSocketImpl.java:309)
	at java.base/sun.nio.ch.NioSocketImpl.read(NioSocketImpl.java:350)
	at java.base/sun.nio.ch.NioSocketImpl$1.read(NioSocketImpl.java:803)
	at java.base/java.net.Socket$SocketInputStream.read(Socket.java:966)
	at java.base/sun.security.ssl.SSLSocketInputRecord.read(SSLSocketInputRecord.java:478)
	at java.base/sun.security.ssl.SSLSocketInputRecord.readHeader(SSLSocketInputRecord.java:472)
	at java.base/sun.security.ssl.SSLSocketInputRecord.bytesInCompletePacket(SSLSocketInputRecord.java:70)
	at java.base/sun.security.ssl.SSLSocketImpl.readApplicationRecord(SSLSocketImpl.java:1461)
	at java.base/sun.security.ssl.SSLSocketImpl$AppInputStream.read(SSLSocketImpl.java:1065)
	at com.mongodb.internal.connection.SocketStream.read(SocketStream.java:113)
	at com.mongodb.internal.connection.SocketStream.read(SocketStream.java:138)
	at com.mongodb.internal.connection.InternalStreamConnection.receiveResponseBuffers(InternalStreamConnection.java:716)
	at com.mongodb.internal.connection.InternalStreamConnection.receiveMessageWithAdditionalTimeout(InternalStreamConnection.java:574)
	... 5 common frames omitted
2023-03-06 16:30:11,011 INFO org.mongodb.driver.cluster [cluster-ClusterId{value='640588a78b3618025158dc84', description='null'}-ac-ojaruqu-shard-00-00.zi4uchm.mongodb.net:27017] Monitor thread successfully connected to server with description ServerDescription{address=ac-ojaruqu-shard-00-00.zi4uchm.mongodb.net:27017, type=REPLICA_SET_SECONDARY, state=CONNECTED, ok=true, minWireVersion=0, maxWireVersion=13, maxDocumentSize=16777216, logicalSessionTimeoutMinutes=30, roundTripTimeNanos=162625600, setName='atlas-7ub82e-shard-0', canonicalAddress=ac-ojaruqu-shard-00-00.zi4uchm.mongodb.net:27017, hosts=[ac-ojaruqu-shard-00-01.zi4uchm.mongodb.net:27017, ac-ojaruqu-shard-00-02.zi4uchm.mongodb.net:27017, ac-ojaruqu-shard-00-00.zi4uchm.mongodb.net:27017], passives=[], arbiters=[], primary='ac-ojaruqu-shard-00-02.zi4uchm.mongodb.net:27017', tagSet=TagSet{[Tag{name='nodeType', value='ELECTABLE'}, Tag{name='provider', value='AWS'}, Tag{name='region', value='AP_SOUTH_1'}, Tag{name='workloadType', value='OPERATIONAL'}]}, electionId=null, setVersion=5, topologyVersion=TopologyVersion{processId=6405bb2cf4702a3364a2fc01, counter=4}, lastWriteDate=Mon Mar 06 16:30:11 IST 2023, lastUpdateTimeNanos=162264854689900}
2023-03-06 16:30:20,555 INFO org.mongodb.driver.cluster [cluster-ClusterId{value='640588a78b3618025158dc84', description='null'}-ac-ojaruqu-shard-00-02.zi4uchm.mongodb.net:27017] Exception in monitor thread while connecting to server ac-ojaruqu-shard-00-02.zi4uchm.mongodb.net:27017
com.mongodb.MongoSocketReadTimeoutException: Timeout while receiving message
	at com.mongodb.internal.connection.InternalStreamConnection.translateReadException(InternalStreamConnection.java:699)
	at com.mongodb.internal.connection.InternalStreamConnection.receiveMessageWithAdditionalTimeout(InternalStreamConnection.java:577)
	at com.mongodb.internal.connection.InternalStreamConnection.receiveCommandMessageResponse(InternalStreamConnection.java:413)
	at com.mongodb.internal.connection.InternalStreamConnection.receive(InternalStreamConnection.java:372)
	at com.mongodb.internal.connection.DefaultServerMonitor$ServerMonitorRunnable.lookupServerDescription(DefaultServerMonitor.java:226)
	at com.mongodb.internal.connection.DefaultServerMonitor$ServerMonitorRunnable.run(DefaultServerMonitor.java:158)
	at java.base/java.lang.Thread.run(Thread.java:833)
Caused by: java.net.SocketTimeoutException: Read timed out
	at java.base/sun.nio.ch.NioSocketImpl.timedRead(NioSocketImpl.java:283)
	at java.base/sun.nio.ch.NioSocketImpl.implRead(NioSocketImpl.java:309)
	at java.base/sun.nio.ch.NioSocketImpl.read(NioSocketImpl.java:350)
	at java.base/sun.nio.ch.NioSocketImpl$1.read(NioSocketImpl.java:803)
	at java.base/java.net.Socket$SocketInputStream.read(Socket.java:966)
	at java.base/sun.security.ssl.SSLSocketInputRecord.read(SSLSocketInputRecord.java:478)
	at java.base/sun.security.ssl.SSLSocketInputRecord.readHeader(SSLSocketInputRecord.java:472)
	at java.base/sun.security.ssl.SSLSocketInputRecord.bytesInCompletePacket(SSLSocketInputRecord.java:70)
	at java.base/sun.security.ssl.SSLSocketImpl.readApplicationRecord(SSLSocketImpl.java:1461)
	at java.base/sun.security.ssl.SSLSocketImpl$AppInputStream.read(SSLSocketImpl.java:1065)
	at com.mongodb.internal.connection.SocketStream.read(SocketStream.java:113)
	at com.mongodb.internal.connection.SocketStream.read(SocketStream.java:138)
	at com.mongodb.internal.connection.InternalStreamConnection.receiveResponseBuffers(InternalStreamConnection.java:716)
	at com.mongodb.internal.connection.InternalStreamConnection.receiveMessageWithAdditionalTimeout(InternalStreamConnection.java:574)
	... 5 common frames omitted
2023-03-06 16:30:20,555 INFO org.mongodb.driver.cluster [cluster-ClusterId{value='640588a78b3618025158dc84', description='null'}-ac-ojaruqu-shard-00-01.zi4uchm.mongodb.net:27017] Exception in monitor thread while connecting to server ac-ojaruqu-shard-00-01.zi4uchm.mongodb.net:27017
com.mongodb.MongoSocketReadTimeoutException: Timeout while receiving message
	at com.mongodb.internal.connection.InternalStreamConnection.translateReadException(InternalStreamConnection.java:699)
	at com.mongodb.internal.connection.InternalStreamConnection.receiveMessageWithAdditionalTimeout(InternalStreamConnection.java:577)
	at com.mongodb.internal.connection.InternalStreamConnection.receiveCommandMessageResponse(InternalStreamConnection.java:413)
	at com.mongodb.internal.connection.InternalStreamConnection.receive(InternalStreamConnection.java:372)
	at com.mongodb.internal.connection.DefaultServerMonitor$ServerMonitorRunnable.lookupServerDescription(DefaultServerMonitor.java:226)
	at com.mongodb.internal.connection.DefaultServerMonitor$ServerMonitorRunnable.run(DefaultServerMonitor.java:158)
	at java.base/java.lang.Thread.run(Thread.java:833)
Caused by: java.net.SocketTimeoutException: Read timed out
	at java.base/sun.nio.ch.NioSocketImpl.timedRead(NioSocketImpl.java:283)
	at java.base/sun.nio.ch.NioSocketImpl.implRead(NioSocketImpl.java:309)
	at java.base/sun.nio.ch.NioSocketImpl.read(NioSocketImpl.java:350)
	at java.base/sun.nio.ch.NioSocketImpl$1.read(NioSocketImpl.java:803)
	at java.base/java.net.Socket$SocketInputStream.read(Socket.java:966)
	at java.base/sun.security.ssl.SSLSocketInputRecord.read(SSLSocketInputRecord.java:478)
	at java.base/sun.security.ssl.SSLSocketInputRecord.readHeader(SSLSocketInputRecord.java:472)
	at java.base/sun.security.ssl.SSLSocketInputRecord.bytesInCompletePacket(SSLSocketInputRecord.java:70)
	at java.base/sun.security.ssl.SSLSocketImpl.readApplicationRecord(SSLSocketImpl.java:1461)
	at java.base/sun.security.ssl.SSLSocketImpl$AppInputStream.read(SSLSocketImpl.java:1065)
	at com.mongodb.internal.connection.SocketStream.read(SocketStream.java:113)
	at com.mongodb.internal.connection.SocketStream.read(SocketStream.java:138)
	at com.mongodb.internal.connection.InternalStreamConnection.receiveResponseBuffers(InternalStreamConnection.java:716)
	at com.mongodb.internal.connection.InternalStreamConnection.receiveMessageWithAdditionalTimeout(InternalStreamConnection.java:574)
	... 5 common frames omitted
2023-03-06 16:30:20,707 INFO org.mongodb.driver.cluster [cluster-ClusterId{value='640588a78b3618025158dc84', description='null'}-ac-ojaruqu-shard-00-02.zi4uchm.mongodb.net:27017] Monitor thread successfully connected to server with description ServerDescription{address=ac-ojaruqu-shard-00-02.zi4uchm.mongodb.net:27017, type=REPLICA_SET_PRIMARY, state=CONNECTED, ok=true, minWireVersion=0, maxWireVersion=13, maxDocumentSize=16777216, logicalSessionTimeoutMinutes=30, roundTripTimeNanos=112161200, setName='atlas-7ub82e-shard-0', canonicalAddress=ac-ojaruqu-shard-00-02.zi4uchm.mongodb.net:27017, hosts=[ac-ojaruqu-shard-00-01.zi4uchm.mongodb.net:27017, ac-ojaruqu-shard-00-02.zi4uchm.mongodb.net:27017, ac-ojaruqu-shard-00-00.zi4uchm.mongodb.net:27017], passives=[], arbiters=[], primary='ac-ojaruqu-shard-00-02.zi4uchm.mongodb.net:27017', tagSet=TagSet{[Tag{name='nodeType', value='ELECTABLE'}, Tag{name='provider', value='AWS'}, Tag{name='region', value='AP_SOUTH_1'}, Tag{name='workloadType', value='OPERATIONAL'}]}, electionId=7fffffff00000000000000f4, setVersion=5, topologyVersion=TopologyVersion{processId=6405bc585f545bd9348390eb, counter=6}, lastWriteDate=Mon Mar 06 16:30:21 IST 2023, lastUpdateTimeNanos=162274556422600}
2023-03-06 16:30:20,708 INFO org.mongodb.driver.cluster [cluster-ClusterId{value='640588a78b3618025158dc84', description='null'}-ac-ojaruqu-shard-00-02.zi4uchm.mongodb.net:27017] Discovered replica set primary ac-ojaruqu-shard-00-02.zi4uchm.mongodb.net:27017 with max election id 7fffffff00000000000000f4 and max set version 5
2023-03-06 16:30:20,786 INFO org.mongodb.driver.cluster [cluster-ClusterId{value='640588a78b3618025158dc84', description='null'}-ac-ojaruqu-shard-00-01.zi4uchm.mongodb.net:27017] Monitor thread successfully connected to server with description ServerDescription{address=ac-ojaruqu-shard-00-01.zi4uchm.mongodb.net:27017, type=REPLICA_SET_SECONDARY, state=CONNECTED, ok=true, minWireVersion=0, maxWireVersion=13, maxDocumentSize=16777216, logicalSessionTimeoutMinutes=30, roundTripTimeNanos=147192400, setName='atlas-7ub82e-shard-0', canonicalAddress=ac-ojaruqu-shard-00-01.zi4uchm.mongodb.net:27017, hosts=[ac-ojaruqu-shard-00-01.zi4uchm.mongodb.net:27017, ac-ojaruqu-shard-00-02.zi4uchm.mongodb.net:27017, ac-ojaruqu-shard-00-00.zi4uchm.mongodb.net:27017], passives=[], arbiters=[], primary='ac-ojaruqu-shard-00-02.zi4uchm.mongodb.net:27017', tagSet=TagSet{[Tag{name='nodeType', value='ELECTABLE'}, Tag{name='provider', value='AWS'}, Tag{name='region', value='AP_SOUTH_1'}, Tag{name='workloadType', value='OPERATIONAL'}]}, electionId=null, setVersion=5, topologyVersion=TopologyVersion{processId=6405bd6e0b9e04c8569deb8e, counter=3}, lastWriteDate=Mon Mar 06 16:30:21 IST 2023, lastUpdateTimeNanos=162274636682300}
2023-03-06 20:21:49,494 INFO com.byteridge.sahayak.controller.TimeTableController [http-nio-192.168.29.50-8000-exec-5] Time Table For Doctor 63f31bb0caba8a6aec2e5556 fetched Successfully
2023-03-06 20:25:40,742 INFO com.byteridge.sahayak.SahayakApplication [restartedMain] Starting SahayakApplication using Java 17.0.6 with PID 18620 (C:\sahayak\sahayak\target\classes started by LENOVO in C:\sahayak)
2023-03-06 20:25:40,748 DEBUG com.byteridge.sahayak.SahayakApplication [restartedMain] Running with Spring Boot v3.0.2, Spring v6.0.4
2023-03-06 20:25:40,752 INFO com.byteridge.sahayak.SahayakApplication [restartedMain] No active profile set, falling back to 1 default profile: "default"
2023-03-06 20:25:46,078 INFO org.apache.catalina.core.StandardService [restartedMain] Starting service [Tomcat]
2023-03-06 20:25:46,080 INFO org.apache.catalina.core.StandardEngine [restartedMain] Starting Servlet engine: [Apache Tomcat/10.1.5]
2023-03-06 20:25:46,259 INFO org.apache.catalina.core.ContainerBase.[Tomcat].[localhost].[/] [restartedMain] Initializing Spring embedded WebApplicationContext
2023-03-06 20:25:47,005 INFO org.mongodb.driver.client [restartedMain] MongoClient with metadata {"driver": {"name": "mongo-java-driver|sync|spring-boot", "version": "4.8.2"}, "os": {"type": "Windows", "name": "Windows 11", "architecture": "amd64", "version": "10.0"}, "platform": "Java/Oracle Corporation/17.0.6+9-LTS-190"} created with settings MongoClientSettings{readPreference=primary, writeConcern=WriteConcern{w=null, wTimeout=null ms, journal=null}, retryWrites=true, retryReads=true, readConcern=ReadConcern{level=null}, credential=MongoCredential{mechanism=null, userName='riyachoudhary3105', source='admin', password=<hidden>, mechanismProperties=<hidden>}, streamFactoryFactory=null, commandListeners=[], codecRegistry=ProvidersCodecRegistry{codecProviders=[ValueCodecProvider{}, BsonValueCodecProvider{}, DBRefCodecProvider{}, DBObjectCodecProvider{}, DocumentCodecProvider{}, CollectionCodecProvider{}, IterableCodecProvider{}, MapCodecProvider{}, GeoJsonCodecProvider{}, GridFSFileCodecProvider{}, Jsr310CodecProvider{}, JsonObjectCodecProvider{}, BsonCodecProvider{}, EnumCodecProvider{}, com.mongodb.Jep395RecordCodecProvider@29935c6f]}, clusterSettings={hosts=[127.0.0.1:27017], srvHost=byteridge.zi4uchm.mongodb.net, srvServiceName=mongodb, mode=MULTIPLE, requiredClusterType=REPLICA_SET, requiredReplicaSetName='atlas-7ub82e-shard-0', serverSelector='null', clusterListeners='[]', serverSelectionTimeout='30000 ms', localThreshold='30000 ms'}, socketSettings=SocketSettings{connectTimeoutMS=10000, readTimeoutMS=0, receiveBufferSize=0, sendBufferSize=0}, heartbeatSocketSettings=SocketSettings{connectTimeoutMS=10000, readTimeoutMS=10000, receiveBufferSize=0, sendBufferSize=0}, connectionPoolSettings=ConnectionPoolSettings{maxSize=100, minSize=0, maxWaitTimeMS=120000, maxConnectionLifeTimeMS=0, maxConnectionIdleTimeMS=0, maintenanceInitialDelayMS=0, maintenanceFrequencyMS=60000, connectionPoolListeners=[], maxConnecting=2}, serverSettings=ServerSettings{heartbeatFrequencyMS=10000, minHeartbeatFrequencyMS=500, serverListeners='[]', serverMonitorListeners='[]'}, sslSettings=SslSettings{enabled=true, invalidHostNameAllowed=false, context=null}, applicationName='null', compressorList=[], uuidRepresentation=JAVA_LEGACY, serverApi=null, autoEncryptionSettings=null, contextProvider=null}
2023-03-06 20:25:47,639 INFO org.mongodb.driver.cluster [cluster-ClusterId{value='6405fef2be89527a35c6a738', description='null'}-srv-byteridge.zi4uchm.mongodb.net] Adding discovered server ac-ojaruqu-shard-00-01.zi4uchm.mongodb.net:27017 to client view of cluster
2023-03-06 20:25:47,744 INFO org.mongodb.driver.cluster [cluster-ClusterId{value='6405fef2be89527a35c6a738', description='null'}-srv-byteridge.zi4uchm.mongodb.net] Adding discovered server ac-ojaruqu-shard-00-02.zi4uchm.mongodb.net:27017 to client view of cluster
2023-03-06 20:25:47,746 INFO org.mongodb.driver.cluster [cluster-ClusterId{value='6405fef2be89527a35c6a738', description='null'}-srv-byteridge.zi4uchm.mongodb.net] Adding discovered server ac-ojaruqu-shard-00-00.zi4uchm.mongodb.net:27017 to client view of cluster
2023-03-06 20:25:50,022 INFO org.mongodb.driver.cluster [cluster-ClusterId{value='6405fef2be89527a35c6a738', description='null'}-ac-ojaruqu-shard-00-01.zi4uchm.mongodb.net:27017] Monitor thread successfully connected to server with description ServerDescription{address=ac-ojaruqu-shard-00-01.zi4uchm.mongodb.net:27017, type=REPLICA_SET_SECONDARY, state=CONNECTED, ok=true, minWireVersion=0, maxWireVersion=13, maxDocumentSize=16777216, logicalSessionTimeoutMinutes=30, roundTripTimeNanos=503985800, setName='atlas-7ub82e-shard-0', canonicalAddress=ac-ojaruqu-shard-00-01.zi4uchm.mongodb.net:27017, hosts=[ac-ojaruqu-shard-00-01.zi4uchm.mongodb.net:27017, ac-ojaruqu-shard-00-02.zi4uchm.mongodb.net:27017, ac-ojaruqu-shard-00-00.zi4uchm.mongodb.net:27017], passives=[], arbiters=[], primary='ac-ojaruqu-shard-00-02.zi4uchm.mongodb.net:27017', tagSet=TagSet{[Tag{name='nodeType', value='ELECTABLE'}, Tag{name='provider', value='AWS'}, Tag{name='region', value='AP_SOUTH_1'}, Tag{name='workloadType', value='OPERATIONAL'}]}, electionId=null, setVersion=5, topologyVersion=TopologyVersion{processId=6405bd6e0b9e04c8569deb8e, counter=3}, lastWriteDate=Mon Mar 06 20:25:50 IST 2023, lastUpdateTimeNanos=176403861432600}
2023-03-06 20:25:50,027 INFO org.mongodb.driver.cluster [cluster-ClusterId{value='6405fef2be89527a35c6a738', description='null'}-ac-ojaruqu-shard-00-00.zi4uchm.mongodb.net:27017] Monitor thread successfully connected to server with description ServerDescription{address=ac-ojaruqu-shard-00-00.zi4uchm.mongodb.net:27017, type=REPLICA_SET_SECONDARY, state=CONNECTED, ok=true, minWireVersion=0, maxWireVersion=13, maxDocumentSize=16777216, logicalSessionTimeoutMinutes=30, roundTripTimeNanos=870231700, setName='atlas-7ub82e-shard-0', canonicalAddress=ac-ojaruqu-shard-00-00.zi4uchm.mongodb.net:27017, hosts=[ac-ojaruqu-shard-00-01.zi4uchm.mongodb.net:27017, ac-ojaruqu-shard-00-02.zi4uchm.mongodb.net:27017, ac-ojaruqu-shard-00-00.zi4uchm.mongodb.net:27017], passives=[], arbiters=[], primary='ac-ojaruqu-shard-00-02.zi4uchm.mongodb.net:27017', tagSet=TagSet{[Tag{name='nodeType', value='ELECTABLE'}, Tag{name='provider', value='AWS'}, Tag{name='region', value='AP_SOUTH_1'}, Tag{name='workloadType', value='OPERATIONAL'}]}, electionId=null, setVersion=5, topologyVersion=TopologyVersion{processId=6405bb2cf4702a3364a2fc01, counter=4}, lastWriteDate=Mon Mar 06 20:25:50 IST 2023, lastUpdateTimeNanos=176403869024900}
2023-03-06 20:25:50,028 INFO org.mongodb.driver.cluster [cluster-ClusterId{value='6405fef2be89527a35c6a738', description='null'}-ac-ojaruqu-shard-00-02.zi4uchm.mongodb.net:27017] Monitor thread successfully connected to server with description ServerDescription{address=ac-ojaruqu-shard-00-02.zi4uchm.mongodb.net:27017, type=REPLICA_SET_PRIMARY, state=CONNECTED, ok=true, minWireVersion=0, maxWireVersion=13, maxDocumentSize=16777216, logicalSessionTimeoutMinutes=30, roundTripTimeNanos=883273200, setName='atlas-7ub82e-shard-0', canonicalAddress=ac-ojaruqu-shard-00-02.zi4uchm.mongodb.net:27017, hosts=[ac-ojaruqu-shard-00-01.zi4uchm.mongodb.net:27017, ac-ojaruqu-shard-00-02.zi4uchm.mongodb.net:27017, ac-ojaruqu-shard-00-00.zi4uchm.mongodb.net:27017], passives=[], arbiters=[], primary='ac-ojaruqu-shard-00-02.zi4uchm.mongodb.net:27017', tagSet=TagSet{[Tag{name='nodeType', value='ELECTABLE'}, Tag{name='provider', value='AWS'}, Tag{name='region', value='AP_SOUTH_1'}, Tag{name='workloadType', value='OPERATIONAL'}]}, electionId=7fffffff00000000000000f4, setVersion=5, topologyVersion=TopologyVersion{processId=6405bc585f545bd9348390eb, counter=6}, lastWriteDate=Mon Mar 06 20:25:50 IST 2023, lastUpdateTimeNanos=176403867894500}
2023-03-06 20:25:50,046 INFO org.mongodb.driver.cluster [cluster-ClusterId{value='6405fef2be89527a35c6a738', description='null'}-ac-ojaruqu-shard-00-02.zi4uchm.mongodb.net:27017] Discovered replica set primary ac-ojaruqu-shard-00-02.zi4uchm.mongodb.net:27017 with max election id 7fffffff00000000000000f4 and max set version 5
2023-03-06 20:25:51,349 INFO com.byteridge.sahayak.SahayakApplication [restartedMain] Started SahayakApplication in 12.368 seconds (process running for 14.167)
2023-03-06 20:26:10,275 INFO org.apache.catalina.core.ContainerBase.[Tomcat].[localhost].[/] [http-nio-192.168.29.50-8000-exec-1] Initializing Spring DispatcherServlet 'dispatcherServlet'
2023-03-06 20:26:11,856 INFO com.byteridge.sahayak.controller.TimeTableController [http-nio-192.168.29.50-8000-exec-1] Time Table For Doctor 63f31bb0caba8a6aec2e5556 fetched Successfully
2023-03-06 20:27:41,497 INFO com.byteridge.sahayak.controller.TimeTableController [http-nio-192.168.29.50-8000-exec-3] Time Table For Doctor 63f31bb0caba8a6aec2e5556 fetched Successfully
2023-03-06 20:27:43,947 INFO com.byteridge.sahayak.controller.TimeTableController [http-nio-192.168.29.50-8000-exec-4] Time Table For Doctor 63f31bb0caba8a6aec2e5556 fetched Successfully
2023-03-06 20:27:59,973 INFO com.byteridge.sahayak.SahayakApplication [restartedMain] Starting SahayakApplication using Java 17.0.6 with PID 15584 (C:\sahayak\sahayak\target\classes started by LENOVO in C:\sahayak)
2023-03-06 20:27:59,977 DEBUG com.byteridge.sahayak.SahayakApplication [restartedMain] Running with Spring Boot v3.0.2, Spring v6.0.4
2023-03-06 20:27:59,980 INFO com.byteridge.sahayak.SahayakApplication [restartedMain] No active profile set, falling back to 1 default profile: "default"
2023-03-06 20:28:06,907 INFO org.apache.catalina.core.StandardService [restartedMain] Starting service [Tomcat]
2023-03-06 20:28:06,912 INFO org.apache.catalina.core.StandardEngine [restartedMain] Starting Servlet engine: [Apache Tomcat/10.1.5]
2023-03-06 20:28:07,120 INFO org.apache.catalina.core.ContainerBase.[Tomcat].[localhost].[/] [restartedMain] Initializing Spring embedded WebApplicationContext
2023-03-06 20:28:08,192 INFO org.mongodb.driver.client [restartedMain] MongoClient with metadata {"driver": {"name": "mongo-java-driver|sync|spring-boot", "version": "4.8.2"}, "os": {"type": "Windows", "name": "Windows 11", "architecture": "amd64", "version": "10.0"}, "platform": "Java/Oracle Corporation/17.0.6+9-LTS-190"} created with settings MongoClientSettings{readPreference=primary, writeConcern=WriteConcern{w=null, wTimeout=null ms, journal=null}, retryWrites=true, retryReads=true, readConcern=ReadConcern{level=null}, credential=MongoCredential{mechanism=null, userName='riyachoudhary3105', source='admin', password=<hidden>, mechanismProperties=<hidden>}, streamFactoryFactory=null, commandListeners=[], codecRegistry=ProvidersCodecRegistry{codecProviders=[ValueCodecProvider{}, BsonValueCodecProvider{}, DBRefCodecProvider{}, DBObjectCodecProvider{}, DocumentCodecProvider{}, CollectionCodecProvider{}, IterableCodecProvider{}, MapCodecProvider{}, GeoJsonCodecProvider{}, GridFSFileCodecProvider{}, Jsr310CodecProvider{}, JsonObjectCodecProvider{}, BsonCodecProvider{}, EnumCodecProvider{}, com.mongodb.Jep395RecordCodecProvider@ec67660]}, clusterSettings={hosts=[127.0.0.1:27017], srvHost=byteridge.zi4uchm.mongodb.net, srvServiceName=mongodb, mode=MULTIPLE, requiredClusterType=REPLICA_SET, requiredReplicaSetName='atlas-7ub82e-shard-0', serverSelector='null', clusterListeners='[]', serverSelectionTimeout='30000 ms', localThreshold='30000 ms'}, socketSettings=SocketSettings{connectTimeoutMS=10000, readTimeoutMS=0, receiveBufferSize=0, sendBufferSize=0}, heartbeatSocketSettings=SocketSettings{connectTimeoutMS=10000, readTimeoutMS=10000, receiveBufferSize=0, sendBufferSize=0}, connectionPoolSettings=ConnectionPoolSettings{maxSize=100, minSize=0, maxWaitTimeMS=120000, maxConnectionLifeTimeMS=0, maxConnectionIdleTimeMS=0, maintenanceInitialDelayMS=0, maintenanceFrequencyMS=60000, connectionPoolListeners=[], maxConnecting=2}, serverSettings=ServerSettings{heartbeatFrequencyMS=10000, minHeartbeatFrequencyMS=500, serverListeners='[]', serverMonitorListeners='[]'}, sslSettings=SslSettings{enabled=true, invalidHostNameAllowed=false, context=null}, applicationName='null', compressorList=[], uuidRepresentation=JAVA_LEGACY, serverApi=null, autoEncryptionSettings=null, contextProvider=null}
2023-03-06 20:28:08,446 INFO org.mongodb.driver.cluster [cluster-ClusterId{value='6405ff804166e755af80ecc8', description='null'}-srv-byteridge.zi4uchm.mongodb.net] Adding discovered server ac-ojaruqu-shard-00-01.zi4uchm.mongodb.net:27017 to client view of cluster
2023-03-06 20:28:08,517 INFO org.mongodb.driver.cluster [cluster-ClusterId{value='6405ff804166e755af80ecc8', description='null'}-srv-byteridge.zi4uchm.mongodb.net] Adding discovered server ac-ojaruqu-shard-00-02.zi4uchm.mongodb.net:27017 to client view of cluster
2023-03-06 20:28:08,540 INFO org.mongodb.driver.cluster [cluster-ClusterId{value='6405ff804166e755af80ecc8', description='null'}-srv-byteridge.zi4uchm.mongodb.net] Adding discovered server ac-ojaruqu-shard-00-00.zi4uchm.mongodb.net:27017 to client view of cluster
2023-03-06 20:28:10,337 INFO org.mongodb.driver.cluster [cluster-ClusterId{value='6405ff804166e755af80ecc8', description='null'}-ac-ojaruqu-shard-00-01.zi4uchm.mongodb.net:27017] Monitor thread successfully connected to server with description ServerDescription{address=ac-ojaruqu-shard-00-01.zi4uchm.mongodb.net:27017, type=REPLICA_SET_SECONDARY, state=CONNECTED, ok=true, minWireVersion=0, maxWireVersion=13, maxDocumentSize=16777216, logicalSessionTimeoutMinutes=30, roundTripTimeNanos=584312000, setName='atlas-7ub82e-shard-0', canonicalAddress=ac-ojaruqu-shard-00-01.zi4uchm.mongodb.net:27017, hosts=[ac-ojaruqu-shard-00-01.zi4uchm.mongodb.net:27017, ac-ojaruqu-shard-00-02.zi4uchm.mongodb.net:27017, ac-ojaruqu-shard-00-00.zi4uchm.mongodb.net:27017], passives=[], arbiters=[], primary='ac-ojaruqu-shard-00-02.zi4uchm.mongodb.net:27017', tagSet=TagSet{[Tag{name='nodeType', value='ELECTABLE'}, Tag{name='provider', value='AWS'}, Tag{name='region', value='AP_SOUTH_1'}, Tag{name='workloadType', value='OPERATIONAL'}]}, electionId=null, setVersion=5, topologyVersion=TopologyVersion{processId=6405bd6e0b9e04c8569deb8e, counter=3}, lastWriteDate=Mon Mar 06 20:28:10 IST 2023, lastUpdateTimeNanos=176544181982700}
2023-03-06 20:28:10,337 INFO org.mongodb.driver.cluster [cluster-ClusterId{value='6405ff804166e755af80ecc8', description='null'}-ac-ojaruqu-shard-00-00.zi4uchm.mongodb.net:27017] Monitor thread successfully connected to server with description ServerDescription{address=ac-ojaruqu-shard-00-00.zi4uchm.mongodb.net:27017, type=REPLICA_SET_SECONDARY, state=CONNECTED, ok=true, minWireVersion=0, maxWireVersion=13, maxDocumentSize=16777216, logicalSessionTimeoutMinutes=30, roundTripTimeNanos=584392800, setName='atlas-7ub82e-shard-0', canonicalAddress=ac-ojaruqu-shard-00-00.zi4uchm.mongodb.net:27017, hosts=[ac-ojaruqu-shard-00-01.zi4uchm.mongodb.net:27017, ac-ojaruqu-shard-00-02.zi4uchm.mongodb.net:27017, ac-ojaruqu-shard-00-00.zi4uchm.mongodb.net:27017], passives=[], arbiters=[], primary='ac-ojaruqu-shard-00-02.zi4uchm.mongodb.net:27017', tagSet=TagSet{[Tag{name='nodeType', value='ELECTABLE'}, Tag{name='provider', value='AWS'}, Tag{name='region', value='AP_SOUTH_1'}, Tag{name='workloadType', value='OPERATIONAL'}]}, electionId=null, setVersion=5, topologyVersion=TopologyVersion{processId=6405bb2cf4702a3364a2fc01, counter=4}, lastWriteDate=Mon Mar 06 20:28:10 IST 2023, lastUpdateTimeNanos=176544181971400}
2023-03-06 20:28:10,388 INFO org.mongodb.driver.cluster [cluster-ClusterId{value='6405ff804166e755af80ecc8', description='null'}-ac-ojaruqu-shard-00-02.zi4uchm.mongodb.net:27017] Monitor thread successfully connected to server with description ServerDescription{address=ac-ojaruqu-shard-00-02.zi4uchm.mongodb.net:27017, type=REPLICA_SET_PRIMARY, state=CONNECTED, ok=true, minWireVersion=0, maxWireVersion=13, maxDocumentSize=16777216, logicalSessionTimeoutMinutes=30, roundTripTimeNanos=640323100, setName='atlas-7ub82e-shard-0', canonicalAddress=ac-ojaruqu-shard-00-02.zi4uchm.mongodb.net:27017, hosts=[ac-ojaruqu-shard-00-01.zi4uchm.mongodb.net:27017, ac-ojaruqu-shard-00-02.zi4uchm.mongodb.net:27017, ac-ojaruqu-shard-00-00.zi4uchm.mongodb.net:27017], passives=[], arbiters=[], primary='ac-ojaruqu-shard-00-02.zi4uchm.mongodb.net:27017', tagSet=TagSet{[Tag{name='nodeType', value='ELECTABLE'}, Tag{name='provider', value='AWS'}, Tag{name='region', value='AP_SOUTH_1'}, Tag{name='workloadType', value='OPERATIONAL'}]}, electionId=7fffffff00000000000000f4, setVersion=5, topologyVersion=TopologyVersion{processId=6405bc585f545bd9348390eb, counter=6}, lastWriteDate=Mon Mar 06 20:28:10 IST 2023, lastUpdateTimeNanos=176544237905200}
2023-03-06 20:28:10,389 INFO org.mongodb.driver.cluster [cluster-ClusterId{value='6405ff804166e755af80ecc8', description='null'}-ac-ojaruqu-shard-00-02.zi4uchm.mongodb.net:27017] Discovered replica set primary ac-ojaruqu-shard-00-02.zi4uchm.mongodb.net:27017 with max election id 7fffffff00000000000000f4 and max set version 5
2023-03-06 20:28:13,595 INFO com.byteridge.sahayak.SahayakApplication [restartedMain] Started SahayakApplication in 14.928 seconds (process running for 16.453)
2023-03-06 20:28:15,667 INFO org.apache.catalina.core.ContainerBase.[Tomcat].[localhost].[/] [http-nio-192.168.29.50-8000-exec-1] Initializing Spring DispatcherServlet 'dispatcherServlet'
2023-03-06 20:28:17,035 INFO com.byteridge.sahayak.controller.TimeTableController [http-nio-192.168.29.50-8000-exec-1] Time Table For Doctor 63f31bb0caba8a6aec2e5556 fetched Successfully
2023-03-06 20:28:21,052 INFO com.byteridge.sahayak.controller.TimeTableController [http-nio-192.168.29.50-8000-exec-2] Time Table For Doctor 63f31bb0caba8a6aec2e5556 fetched Successfully
2023-03-06 20:30:06,458 INFO com.byteridge.sahayak.controller.TimeTableController [http-nio-192.168.29.50-8000-exec-5] Time Table For Doctor 63f8b91abf87d35439a86c6d fetched Successfully
